[2026-03-20T05:39:55.596Z] Object "/apphosting" in "firebase.json" is missing required property: {"missingProperty":"ignore"}
[2026-03-20T05:39:55.597Z] Field "/apphosting" in "firebase.json" is possibly invalid: must be array
[2026-03-20T05:39:55.598Z] Field "/apphosting" in "firebase.json" is possibly invalid: must match a schema in anyOf
[2026-03-20T05:39:55.608Z] > command requires scopes: ["email","openid","https://www.googleapis.com/auth/cloudplatformprojects.readonly","https://www.googleapis.com/auth/firebase","https://www.googleapis.com/auth/cloud-platform"]
[2026-03-20T05:39:55.609Z] > authorizing via signed-in user (ankitkumardbd13@gmail.com)
[2026-03-20T05:39:55.613Z] Checked if tokens are valid: true, expires at: 1773987620715
[2026-03-20T05:39:55.614Z] Checked if tokens are valid: true, expires at: 1773987620715
[2026-03-20T05:39:55.617Z] >>> [apiv2][query] GET https://cloudresourcemanager.googleapis.com/v1/projects/530352874937 [none]
[2026-03-20T05:39:57.229Z] <<< [apiv2][status] GET https://cloudresourcemanager.googleapis.com/v1/projects/530352874937 200
[2026-03-20T05:39:57.229Z] <<< [apiv2][body] GET https://cloudresourcemanager.googleapis.com/v1/projects/530352874937 {"projectNumber":"530352874937","projectId":"studio-3508356964-6369c","lifecycleState":"ACTIVE","name":"mpitisre","labels":{"firebase":"enabled","firebase-core":"disabled"},"createTime":"2026-03-17T15:44:07.584Z"}
[2026-03-20T05:39:57.230Z] > command requires scopes: ["email","openid","https://www.googleapis.com/auth/cloudplatformprojects.readonly","https://www.googleapis.com/auth/firebase","https://www.googleapis.com/auth/cloud-platform"]
[2026-03-20T05:39:57.231Z] > authorizing via signed-in user (ankitkumardbd13@gmail.com)
[2026-03-20T05:39:57.231Z] [iam] checking project studio-3508356964-6369c for permissions ["firebase.projects.get"]
[2026-03-20T05:39:57.231Z] Checked if tokens are valid: true, expires at: 1773987620715
[2026-03-20T05:39:57.231Z] Checked if tokens are valid: true, expires at: 1773987620715
[2026-03-20T05:39:57.232Z] >>> [apiv2][query] POST https://cloudresourcemanager.googleapis.com/v1/projects/studio-3508356964-6369c:testIamPermissions [none]
[2026-03-20T05:39:57.232Z] >>> [apiv2][(partial)header] POST https://cloudresourcemanager.googleapis.com/v1/projects/studio-3508356964-6369c:testIamPermissions  x-goog-user-project=studio-3508356964-6369c
[2026-03-20T05:39:57.232Z] >>> [apiv2][body] POST https://cloudresourcemanager.googleapis.com/v1/projects/studio-3508356964-6369c:testIamPermissions {"permissions":["firebase.projects.get"]}
[2026-03-20T05:39:57.546Z] <<< [apiv2][status] POST https://cloudresourcemanager.googleapis.com/v1/projects/studio-3508356964-6369c:testIamPermissions 200
[2026-03-20T05:39:57.546Z] <<< [apiv2][body] POST https://cloudresourcemanager.googleapis.com/v1/projects/studio-3508356964-6369c:testIamPermissions {"permissions":["firebase.projects.get"]}

=== Deploying to 'studio-3508356964-6369c'...

i  deploying apphosting 
[2026-03-20T05:39:57.549Z] Checked if tokens are valid: true, expires at: 1773987620715
[2026-03-20T05:39:57.550Z] Checked if tokens are valid: true, expires at: 1773987620715
[2026-03-20T05:39:57.550Z] >>> [apiv2][query] GET https://serviceusage.googleapis.com/v1/projects/studio-3508356964-6369c/services/firebaseapphosting.googleapis.com [none]
[2026-03-20T05:39:57.550Z] >>> [apiv2][(partial)header] GET https://serviceusage.googleapis.com/v1/projects/studio-3508356964-6369c/services/firebaseapphosting.googleapis.com  x-goog-user-project=studio-3508356964-6369c
[2026-03-20T05:39:59.399Z] <<< [apiv2][status] GET https://serviceusage.googleapis.com/v1/projects/studio-3508356964-6369c/services/firebaseapphosting.googleapis.com 200
[2026-03-20T05:39:59.399Z] <<< [apiv2][body] GET https://serviceusage.googleapis.com/v1/projects/studio-3508356964-6369c/services/firebaseapphosting.googleapis.com [omitted]
[2026-03-20T05:39:59.400Z] Checked if tokens are valid: true, expires at: 1773987620715
[2026-03-20T05:39:59.400Z] Checked if tokens are valid: true, expires at: 1773987620715
[2026-03-20T05:39:59.400Z] >>> [apiv2][query] POST https://serviceusage.googleapis.com/v1/projects/studio-3508356964-6369c/services/firebaseapphosting.googleapis.com:enable [none]
[2026-03-20T05:39:59.400Z] >>> [apiv2][(partial)header] POST https://serviceusage.googleapis.com/v1/projects/studio-3508356964-6369c/services/firebaseapphosting.googleapis.com:enable  x-goog-user-project=studio-3508356964-6369c
[2026-03-20T05:40:01.204Z] <<< [apiv2][status] POST https://serviceusage.googleapis.com/v1/projects/studio-3508356964-6369c/services/firebaseapphosting.googleapis.com:enable 400
[2026-03-20T05:40:01.204Z] <<< [apiv2][body] POST https://serviceusage.googleapis.com/v1/projects/studio-3508356964-6369c/services/firebaseapphosting.googleapis.com:enable [omitted]

Error: Your project studio-3508356964-6369c must be on the Blaze (pay-as-you-go) plan to complete this command. Required API firebaseapphosting.googleapis.com can't be enabled until the upgrade is complete. To upgrade, visit the following URL:

https://console.firebase.google.com/project/studio-3508356964-6369c/usage/details
